Build started 8/29/2013 11:53:03 AM.
     1>Project "C:\Phil\MSVC Dev\FltkShaderSupportDll\FltkShaderSupportDll\FltkShaderSupportDll.vcxproj" on node 3 (build target(s)).
     1>InitializeBuildStatus:
         Creating "Debug\FltkShaderSupportLib.unsuccessfulbuild" because "AlwaysCreate" was specified.
       ClCompile:
         c:\Program Files (x86)\Microsoft Visual Studio 10.0\VC\bin\CL.exe /c /I"C:\Phil\MSVC Dev\FltkShaderSupportDll\FLTK.include" /I"C:\Phil\MSVC Dev\FltkShaderSupportDll\GLEW.include" /I"C:\Phil\MSVC Dev\FltkShaderSupportDll\OGL_SB.include" /ZI /nologo /W3 /WX- /Od /Oy- /D WIN32 /D _DEBUG /D _WINDOWS /D _USRDLL /D FLTKSHADERSUPPORTDLL_EXPORTS /D _UNICODE /D UNICODE /Gm /EHsc /RTC1 /MDd /GS /fp:precise /Zc:wchar_t /Zc:forScope /Yc"StdAfx.h" /Fp"Debug\FltkShaderSupportLib.pch" /Fo"Debug\\" /Fd"Debug\vc100.pdb" /Gd /TP /analyze- /errorReport:prompt stdafx.cpp
         stdafx.cpp
         c:\Program Files (x86)\Microsoft Visual Studio 10.0\VC\bin\CL.exe /c /I"C:\Phil\MSVC Dev\FltkShaderSupportDll\FLTK.include" /I"C:\Phil\MSVC Dev\FltkShaderSupportDll\GLEW.include" /I"C:\Phil\MSVC Dev\FltkShaderSupportDll\OGL_SB.include" /ZI /nologo /W3 /WX- /Od /Oy- /D WIN32 /D _DEBUG /D _WINDOWS /D _USRDLL /D FLTKSHADERSUPPORTDLL_EXPORTS /D _UNICODE /D UNICODE /Gm /EHsc /RTC1 /MDd /GS /fp:precise /Zc:wchar_t /Zc:forScope /Yu"StdAfx.h" /Fp"Debug\FltkShaderSupportLib.pch" /Fo"Debug\\" /Fd"Debug\vc100.pdb" /Gd /TP /analyze- /errorReport:prompt CollisionCube.cpp CollisionCubeBase.cpp Dprint.cpp DrawableObject.cpp FltkShaderSupportDll.cpp Gl_ShaderWindow.cpp GridStage.cpp ScreenRepaint.cpp TexturedCollisionCube.cpp
         TexturedCollisionCube.cpp
         ScreenRepaint.cpp
     1>c:\phil\msvc dev\fltkshadersupportdll\fltkshadersupportdll\screenrepaint.cpp(28): warning C4996: 'strcpy': This function or variable may be unsafe. Consider using strcpy_s instead. To disable deprecation, use _CRT_SECURE_NO_WARNINGS. See online help for details.
                 c:\program files (x86)\microsoft visual studio 10.0\vc\include\string.h(105) : see declaration of 'strcpy'
     1>c:\phil\msvc dev\fltkshadersupportdll\fltkshadersupportdll\screenrepaint.cpp(31): warning C4996: 'strcpy': This function or variable may be unsafe. Consider using strcpy_s instead. To disable deprecation, use _CRT_SECURE_NO_WARNINGS. See online help for details.
                 c:\program files (x86)\microsoft visual studio 10.0\vc\include\string.h(105) : see declaration of 'strcpy'
         GridStage.cpp
         Gl_ShaderWindow.cpp
     1>c:\phil\msvc dev\fltkshadersupportdll\fltkshadersupportdll\gl_shaderwindow.cpp(142): warning C4996: 'strcpy': This function or variable may be unsafe. Consider using strcpy_s instead. To disable deprecation, use _CRT_SECURE_NO_WARNINGS. See online help for details.
                 c:\program files (x86)\microsoft visual studio 10.0\vc\include\string.h(105) : see declaration of 'strcpy'
     1>c:\phil\msvc dev\fltkshadersupportdll\fltkshadersupportdll\gl_shaderwindow.cpp(143): warning C4996: 'strtok': This function or variable may be unsafe. Consider using strtok_s instead. To disable deprecation, use _CRT_SECURE_NO_WARNINGS. See online help for details.
                 c:\program files (x86)\microsoft visual studio 10.0\vc\include\string.h(197) : see declaration of 'strtok'
     1>c:\phil\msvc dev\fltkshadersupportdll\fltkshadersupportdll\gl_shaderwindow.cpp(147): warning C4996: 'strtok': This function or variable may be unsafe. Consider using strtok_s instead. To disable deprecation, use _CRT_SECURE_NO_WARNINGS. See online help for details.
                 c:\program files (x86)\microsoft visual studio 10.0\vc\include\string.h(197) : see declaration of 'strtok'
         FltkShaderSupportDll.cpp
         DrawableObject.cpp
         Dprint.cpp
         CollisionCubeBase.cpp
         CollisionCube.cpp
         Generating Code...
         c:\Program Files (x86)\Microsoft Visual Studio 10.0\VC\bin\CL.exe /c /I"C:\Phil\MSVC Dev\FltkShaderSupportDll\FLTK.include" /I"C:\Phil\MSVC Dev\FltkShaderSupportDll\GLEW.include" /I"C:\Phil\MSVC Dev\FltkShaderSupportDll\OGL_SB.include" /ZI /nologo /W3 /WX- /Od /Oy- /D WIN32 /D _DEBUG /D _WINDOWS /D _USRDLL /D FLTKSHADERSUPPORTDLL_EXPORTS /D _UNICODE /D UNICODE /Gm /EHsc /RTC1 /MDd /GS /fp:precise /Zc:wchar_t /Zc:forScope /Fo"Debug\\" /Fd"Debug\vc100.pdb" /Gd /TP /analyze- /errorReport:prompt dllmain.cpp
         dllmain.cpp
       Lib:
         c:\Program Files (x86)\Microsoft Visual Studio 10.0\VC\bin\Lib.exe /OUT:"C:\Phil\MSVC Dev\KF_Virtual_Hand_3\Debug\FltkShaderSupportLib.lib" /NOLOGO Debug\CollisionCube.obj
         Debug\CollisionCubeBase.obj
         Debug\dllmain.obj
         Debug\Dprint.obj
         Debug\DrawableObject.obj
         Debug\FltkShaderSupportDll.obj
         Debug\Gl_ShaderWindow.obj
         Debug\GridStage.obj
         Debug\ScreenRepaint.obj
         Debug\stdafx.obj
         Debug\TexturedCollisionCube.obj
         FltkShaderSupportDll.vcxproj -> C:\Phil\MSVC Dev\KF_Virtual_Hand_3\Debug\FltkShaderSupportLib.lib
       FinalizeBuildStatus:
         Deleting file "Debug\FltkShaderSupportLib.unsuccessfulbuild".
         Touching "Debug\FltkShaderSupportLib.lastbuildstate".
     1>Done Building Project "C:\Phil\MSVC Dev\FltkShaderSupportDll\FltkShaderSupportDll\FltkShaderSupportDll.vcxproj" (build target(s)).

Build succeeded.

Time Elapsed 00:00:08.43
