C:\PHIL\MSVC DEV\FLTKSHADERSUPPORTDLL\DEBUG\FLTKSHADERSUPPORTDLL.DLL
C:\PHIL\MSVC DEV\FLTKSHADERSUPPORTDLL\DEBUG\FLTKSHADERSUPPORTDLL.ILK
C:\PHIL\MSVC DEV\FLTKSHADERSUPPORTDLL\DEBUG\FLTKSHADERSUPPORTDLL.PDB
C:\Phil\MSVC Dev\FltkShaderSupportDll\FltkShaderSupportDll\Debug\cl.command.1.tlog
C:\Phil\MSVC Dev\FltkShaderSupportDll\FltkShaderSupportDll\Debug\CL.read.1.tlog
C:\Phil\MSVC Dev\FltkShaderSupportDll\FltkShaderSupportDll\Debug\CL.write.1.tlog
C:\PHIL\MSVC DEV\FLTKSHADERSUPPORTDLL\FLTKSHADERSUPPORTDLL\DEBUG\DLLMAIN.OBJ
C:\PHIL\MSVC DEV\FLTKSHADERSUPPORTDLL\FLTKSHADERSUPPORTDLL\DEBUG\DPRINT.OBJ
C:\PHIL\MSVC DEV\FLTKSHADERSUPPORTDLL\FLTKSHADERSUPPORTDLL\DEBUG\DRAWABLEOBJECT.OBJ
C:\PHIL\MSVC DEV\FLTKSHADERSUPPORTDLL\FLTKSHADERSUPPORTDLL\DEBUG\FLTKSHADERSUPPORTDLL.DLL.EMBED.MANIFEST
C:\PHIL\MSVC DEV\FLTKSHADERSUPPORTDLL\FLTKSHADERSUPPORTDLL\DEBUG\FLTKSHADERSUPPORTDLL.DLL.EMBED.MANIFEST.RES
C:\PHIL\MSVC DEV\FLTKSHADERSUPPORTDLL\FLTKSHADERSUPPORTDLL\DEBUG\FLTKSHADERSUPPORTDLL.DLL.INTERMEDIATE.MANIFEST
C:\PHIL\MSVC DEV\FLTKSHADERSUPPORTDLL\FLTKSHADERSUPPORTDLL\DEBUG\FLTKSHADERSUPPORTDLL.OBJ
C:\PHIL\MSVC DEV\FLTKSHADERSUPPORTDLL\FLTKSHADERSUPPORTDLL\DEBUG\FLTKSHADERSUPPORTDLL.PCH
C:\Phil\MSVC Dev\FltkShaderSupportDll\FltkShaderSupportDll\Debug\FltkShaderSupportDll_manifest.rc
C:\PHIL\MSVC DEV\FLTKSHADERSUPPORTDLL\FLTKSHADERSUPPORTDLL\DEBUG\GL_SHADERWINDOW.OBJ
C:\PHIL\MSVC DEV\FLTKSHADERSUPPORTDLL\FLTKSHADERSUPPORTDLL\DEBUG\GRIDSTAGE.OBJ
C:\Phil\MSVC Dev\FltkShaderSupportDll\FltkShaderSupportDll\Debug\link.1800.read.1.tlog
C:\Phil\MSVC Dev\FltkShaderSupportDll\FltkShaderSupportDll\Debug\link.1800.write.1.tlog
C:\Phil\MSVC Dev\FltkShaderSupportDll\FltkShaderSupportDll\Debug\link.1800-cvtres.read.1.tlog
C:\Phil\MSVC Dev\FltkShaderSupportDll\FltkShaderSupportDll\Debug\link.1800-cvtres.write.1.tlog
C:\Phil\MSVC Dev\FltkShaderSupportDll\FltkShaderSupportDll\Debug\link.3388.read.1.tlog
C:\Phil\MSVC Dev\FltkShaderSupportDll\FltkShaderSupportDll\Debug\link.3388.write.1.tlog
C:\Phil\MSVC Dev\FltkShaderSupportDll\FltkShaderSupportDll\Debug\link.3388-cvtres.read.1.tlog
C:\Phil\MSVC Dev\FltkShaderSupportDll\FltkShaderSupportDll\Debug\link.3388-cvtres.write.1.tlog
C:\Phil\MSVC Dev\FltkShaderSupportDll\FltkShaderSupportDll\Debug\link.4460.read.1.tlog
C:\Phil\MSVC Dev\FltkShaderSupportDll\FltkShaderSupportDll\Debug\link.4460.write.1.tlog
C:\Phil\MSVC Dev\FltkShaderSupportDll\FltkShaderSupportDll\Debug\link.4460-cvtres.read.1.tlog
C:\Phil\MSVC Dev\FltkShaderSupportDll\FltkShaderSupportDll\Debug\link.4460-cvtres.write.1.tlog
C:\Phil\MSVC Dev\FltkShaderSupportDll\FltkShaderSupportDll\Debug\link.6760.read.1.tlog
C:\Phil\MSVC Dev\FltkShaderSupportDll\FltkShaderSupportDll\Debug\link.6760.write.1.tlog
C:\Phil\MSVC Dev\FltkShaderSupportDll\FltkShaderSupportDll\Debug\link.6760-cvtres.read.1.tlog
C:\Phil\MSVC Dev\FltkShaderSupportDll\FltkShaderSupportDll\Debug\link.6760-cvtres.write.1.tlog
C:\Phil\MSVC Dev\FltkShaderSupportDll\FltkShaderSupportDll\Debug\link.command.1.tlog
C:\Phil\MSVC Dev\FltkShaderSupportDll\FltkShaderSupportDll\Debug\link.read.1.tlog
C:\Phil\MSVC Dev\FltkShaderSupportDll\FltkShaderSupportDll\Debug\link.write.1.tlog
C:\Phil\MSVC Dev\FltkShaderSupportDll\FltkShaderSupportDll\Debug\link-cvtres.read.1.tlog
C:\Phil\MSVC Dev\FltkShaderSupportDll\FltkShaderSupportDll\Debug\link-cvtres.write.1.tlog
C:\Phil\MSVC Dev\FltkShaderSupportDll\FltkShaderSupportDll\Debug\mt.command.1.tlog
C:\Phil\MSVC Dev\FltkShaderSupportDll\FltkShaderSupportDll\Debug\mt.read.1.tlog
C:\Phil\MSVC Dev\FltkShaderSupportDll\FltkShaderSupportDll\Debug\mt.write.1.tlog
C:\Phil\MSVC Dev\FltkShaderSupportDll\FltkShaderSupportDll\Debug\rc.command.1.tlog
C:\Phil\MSVC Dev\FltkShaderSupportDll\FltkShaderSupportDll\Debug\rc.read.1.tlog
C:\Phil\MSVC Dev\FltkShaderSupportDll\FltkShaderSupportDll\Debug\rc.write.1.tlog
C:\PHIL\MSVC DEV\FLTKSHADERSUPPORTDLL\FLTKSHADERSUPPORTDLL\DEBUG\SCREENREPAINT.OBJ
C:\PHIL\MSVC DEV\FLTKSHADERSUPPORTDLL\FLTKSHADERSUPPORTDLL\DEBUG\STDAFX.OBJ
C:\Phil\MSVC Dev\FltkShaderSupportDll\FltkShaderSupportDll\Debug\vc100.idb
C:\PHIL\MSVC DEV\FLTKSHADERSUPPORTDLL\FLTKSHADERSUPPORTDLL\DEBUG\VC100.PDB
