C:\Phil\MSVC Dev\FltkShaderSupportDll\FltkShaderSupportDll\Debug\cl.command.1.tlog
C:\Phil\MSVC Dev\FltkShaderSupportDll\FltkShaderSupportDll\Debug\CL.read.1.tlog
C:\Phil\MSVC Dev\FltkShaderSupportDll\FltkShaderSupportDll\Debug\CL.write.1.tlog
C:\PHIL\MSVC DEV\FLTKSHADERSUPPORTDLL\FLTKSHADERSUPPORTDLL\DEBUG\COLLISIONCUBE.OBJ
C:\PHIL\MSVC DEV\FLTKSHADERSUPPORTDLL\FLTKSHADERSUPPORTDLL\DEBUG\COLLISIONCUBEBASE.OBJ
C:\PHIL\MSVC DEV\FLTKSHADERSUPPORTDLL\FLTKSHADERSUPPORTDLL\DEBUG\DLLMAIN.OBJ
C:\PHIL\MSVC DEV\FLTKSHADERSUPPORTDLL\FLTKSHADERSUPPORTDLL\DEBUG\DPRINT.OBJ
C:\PHIL\MSVC DEV\FLTKSHADERSUPPORTDLL\FLTKSHADERSUPPORTDLL\DEBUG\DRAWABLEOBJECT.OBJ
C:\PHIL\MSVC DEV\FLTKSHADERSUPPORTDLL\FLTKSHADERSUPPORTDLL\DEBUG\FLTKSHADERSUPPORTDLL.OBJ
C:\PHIL\MSVC DEV\FLTKSHADERSUPPORTDLL\FLTKSHADERSUPPORTDLL\DEBUG\FLTKSHADERSUPPORTLIB.PCH
C:\PHIL\MSVC DEV\FLTKSHADERSUPPORTDLL\FLTKSHADERSUPPORTDLL\DEBUG\GL_SHADERWINDOW.OBJ
C:\PHIL\MSVC DEV\FLTKSHADERSUPPORTDLL\FLTKSHADERSUPPORTDLL\DEBUG\GRIDSTAGE.OBJ
C:\Phil\MSVC Dev\FltkShaderSupportDll\FltkShaderSupportDll\Debug\lib.command.1.tlog
C:\Phil\MSVC Dev\FltkShaderSupportDll\FltkShaderSupportDll\Debug\Lib-link.read.1.tlog
C:\Phil\MSVC Dev\FltkShaderSupportDll\FltkShaderSupportDll\Debug\Lib-link.write.1.tlog
C:\PHIL\MSVC DEV\FLTKSHADERSUPPORTDLL\FLTKSHADERSUPPORTDLL\DEBUG\SCREENREPAINT.OBJ
C:\PHIL\MSVC DEV\FLTKSHADERSUPPORTDLL\FLTKSHADERSUPPORTDLL\DEBUG\STDAFX.OBJ
C:\PHIL\MSVC DEV\FLTKSHADERSUPPORTDLL\FLTKSHADERSUPPORTDLL\DEBUG\TEXTUREDCOLLISIONCUBE.OBJ
C:\Phil\MSVC Dev\FltkShaderSupportDll\FltkShaderSupportDll\Debug\vc100.idb
C:\PHIL\MSVC DEV\FLTKSHADERSUPPORTDLL\FLTKSHADERSUPPORTDLL\DEBUG\VC100.PDB
C:\PHIL\MSVC DEV\KF_VIRTUAL_HAND_3\DEBUG\FLTKSHADERSUPPORTLIB.LIB
