C:\Phil\MSVC Dev\FltkShaderSupportDll\FltkShaderSupportDll\Release\cl.command.1.tlog
C:\Phil\MSVC Dev\FltkShaderSupportDll\FltkShaderSupportDll\Release\CL.read.1.tlog
C:\Phil\MSVC Dev\FltkShaderSupportDll\FltkShaderSupportDll\Release\CL.write.1.tlog
C:\PHIL\MSVC DEV\FLTKSHADERSUPPORTDLL\FLTKSHADERSUPPORTDLL\RELEASE\COLLISIONCUBE.OBJ
C:\PHIL\MSVC DEV\FLTKSHADERSUPPORTDLL\FLTKSHADERSUPPORTDLL\RELEASE\COLLISIONCUBEBASE.OBJ
C:\PHIL\MSVC DEV\FLTKSHADERSUPPORTDLL\FLTKSHADERSUPPORTDLL\RELEASE\DLLMAIN.OBJ
C:\PHIL\MSVC DEV\FLTKSHADERSUPPORTDLL\FLTKSHADERSUPPORTDLL\RELEASE\DPRINT.OBJ
C:\PHIL\MSVC DEV\FLTKSHADERSUPPORTDLL\FLTKSHADERSUPPORTDLL\RELEASE\DRAWABLEOBJECT.OBJ
C:\PHIL\MSVC DEV\FLTKSHADERSUPPORTDLL\FLTKSHADERSUPPORTDLL\RELEASE\FLTKSHADERSUPPORTDLL.OBJ
C:\PHIL\MSVC DEV\FLTKSHADERSUPPORTDLL\FLTKSHADERSUPPORTDLL\RELEASE\FLTKSHADERSUPPORTLIB.PCH
C:\PHIL\MSVC DEV\FLTKSHADERSUPPORTDLL\FLTKSHADERSUPPORTDLL\RELEASE\GL_SHADERWINDOW.OBJ
C:\PHIL\MSVC DEV\FLTKSHADERSUPPORTDLL\FLTKSHADERSUPPORTDLL\RELEASE\GRIDSTAGE.OBJ
C:\Phil\MSVC Dev\FltkShaderSupportDll\FltkShaderSupportDll\Release\lib.command.1.tlog
C:\Phil\MSVC Dev\FltkShaderSupportDll\FltkShaderSupportDll\Release\Lib-link.read.1.tlog
C:\Phil\MSVC Dev\FltkShaderSupportDll\FltkShaderSupportDll\Release\Lib-link.write.1.tlog
C:\PHIL\MSVC DEV\FLTKSHADERSUPPORTDLL\FLTKSHADERSUPPORTDLL\RELEASE\SCREENREPAINT.OBJ
C:\PHIL\MSVC DEV\FLTKSHADERSUPPORTDLL\FLTKSHADERSUPPORTDLL\RELEASE\STDAFX.OBJ
C:\PHIL\MSVC DEV\FLTKSHADERSUPPORTDLL\FLTKSHADERSUPPORTDLL\RELEASE\TEXTUREDCOLLISIONCUBE.OBJ
C:\PHIL\MSVC DEV\FLTKSHADERSUPPORTDLL\FLTKSHADERSUPPORTDLL\RELEASE\VC100.PDB
C:\PHIL\MSVC DEV\KF_VIRTUAL_HAND_3\RELEASE\FLTKSHADERSUPPORTLIB.LIB
